<?xml version="1.0" encoding="UTF-8"?>
<!-- Generated by org.testng.reporters.JUnitReportReporter -->
<testsuite hostname="Arjun" failures="0" tests="1" name="testCases.Register_Account" time="2.339" errors="0" timestamp="2025-03-04T15:37:21 IST" skipped="0">
  <testcase classname="testCases.Register_Account" name="Registration" time="2.339"/>
</testsuite> <!-- testCases.Register_Account -->
