<?xml version="1.0" encoding="UTF-8"?>
<!-- Generated by org.testng.reporters.JUnitReportReporter -->
<testsuite hostname="Arjun" failures="0" tests="2" name="testCases.Account_Registration" time="49.754" errors="0" timestamp="2025-03-03T16:07:52 IST" skipped="0">
  <testcase classname="testCases.Account_Registration" name="RegisterAccount" time="25.000"/>
  <testcase classname="testCases.Account_Registration" name="RegisterAccount" time="24.754"/>
</testsuite> <!-- testCases.Account_Registration -->
