<?xml version="1.0" encoding="UTF-8"?>
<!-- Generated by org.testng.reporters.JUnitReportReporter -->
<testsuite hostname="Arjun" failures="0" tests="5" name="testCases.TC003_Login_DataDrivetnTestCase" time="37.569" errors="0" timestamp="2025-03-12T20:54:40 IST" skipped="0">
  <testcase classname="testCases.TC003_Login_DataDrivetnTestCase" name="loginDDT" time="1.568"/>
  <testcase classname="testCases.TC003_Login_DataDrivetnTestCase" name="loginDDT" time="10.454"/>
  <testcase classname="testCases.TC003_Login_DataDrivetnTestCase" name="loginDDT" time="2.106"/>
  <testcase classname="testCases.TC003_Login_DataDrivetnTestCase" name="loginDDT" time="10.726"/>
  <testcase classname="testCases.TC003_Login_DataDrivetnTestCase" name="loginDDT" time="12.715"/>
</testsuite> <!-- testCases.TC003_Login_DataDrivetnTestCase -->
