<?xml version="1.0" encoding="UTF-8"?>
<!-- Generated by org.testng.reporters.JUnitReportReporter -->
<testsuite hostname="Arjun" failures="0" tests="1" name="testCases.TC001_Register_Account" time="7.723" errors="0" timestamp="2025-03-13T15:13:21 IST" skipped="0">
  <testcase classname="testCases.TC001_Register_Account" name="Registration" time="7.723"/>
</testsuite> <!-- testCases.TC001_Register_Account -->
