<?xml version="1.0" encoding="UTF-8"?>
<!-- Generated by org.testng.reporters.JUnitReportReporter -->
<testsuite hostname="Arjun" failures="0" tests="1" name="testCases.TC002_Login" time="19.180" errors="0" timestamp="2025-03-20T21:57:25 IST" skipped="0">
  <testcase classname="testCases.TC002_Login" name="VerifyLogin" time="19.180"/>
</testsuite> <!-- testCases.TC002_Login -->
